================================================================================
서울시 전체 73개 핫스팟 실시간 점수 계산
================================================================================
  ✓ [1/73] POI001 (강남 MICE 관광특구): 1개 업종
  ✓ [2/73] POI002 (동대문 관광특구): 2개 업종
  ✓ [3/73] POI003 (명동 관광특구): 2개 업종
  ✓ [4/73] POI004 (이태원 관광특구): 5개 업종
  ✓ [5/73] POI005 (잠실 관광특구): 6개 업종
  ✓ [6/73] POI006 (종로·청계 관광특구): 4개 업종
  ✓ [7/73] POI007 (홍대 관광특구): 9개 업종
  ✓ [8/73] POI009 (광화문·덕수궁): 1개 업종
  ✓ [9/73] POI010 (보신각): 1개 업종
  ✓ [10/73] POI013 (가산디지털단지역): 1개 업종
  ... 10/73 진행 (10개 성공)
  ✓ [11/73] POI014 (강남역): 8개 업종
  ✓ [12/73] POI015 (건대입구역): 5개 업종
  ✓ [13/73] POI016 (고덕역): 1개 업종
  ✓ [14/73] POI017 (고속터미널역): 2개 업종
  ✓ [15/73] POI018 (교대역): 1개 업종
  ✓ [16/73] POI019 (구로디지털단지역): 2개 업종
  ✓ [17/73] POI020 (구로역): 1개 업종
  ✓ [18/73] POI021 (군자역): 1개 업종
  ✓ [19/73] POI023 (대림역): 2개 업종
  ✓ [20/73] POI024 (동대문역): 1개 업종
  ... 20/73 진행 (20개 성공)
  ✓ [21/73] POI025 (뚝섬역): 1개 업종
  ✓ [22/73] POI026 (미아사거리역): 2개 업종
  ✓ [23/73] POI027 (발산역): 2개 업종
  ✓ [24/73] POI029 (사당역): 3개 업종
  ✓ [25/73] POI031 (서울대입구역): 2개 업종
  ✓ [26/73] POI032 (서울식물원·마곡나루역): 1개 업종
  ✓ [27/73] POI033 (서울역): 1개 업종
  ✓ [28/73] POI034 (선릉역): 2개 업종
  ✓ [29/73] POI035 (성신여대입구역): 3개 업종
  ✓ [30/73] POI036 (수유역): 4개 업종
  ... 30/73 진행 (30개 성공)
  ✓ [31/73] POI037 (신논현역·논현역): 2개 업종
  ✗ [32/73] POI038: 데이터 없음
  ✓ [33/73] POI039 (신림역): 7개 업종
  ✓ [34/73] POI040 (신촌·이대역): 3개 업종
  ✓ [35/73] POI041 (양재역): 2개 업종
  ✓ [36/73] POI042 (역삼역): 1개 업종
  ✓ [37/73] POI043 (연신내역): 5개 업종
  ✓ [38/73] POI044 (오목교역·목동운동장): 4개 업종
  ✓ [39/73] POI045 (왕십리역): 3개 업종
  ✓ [40/73] POI046 (용산역): 1개 업종
  ... 40/73 진행 (39개 성공)
  ✓ [41/73] POI047 (이태원역): 5개 업종
  ✓ [42/73] POI048 (장지역): 1개 업종
  ✓ [43/73] POI049 (장한평역): 1개 업종
  ✓ [44/73] POI050 (천호역): 4개 업종
  ✓ [45/73] POI051 (총신대입구(이수)역): 2개 업종
  ✓ [46/73] POI052 (충정로역): 1개 업종
  ✓ [47/73] POI053 (합정역): 1개 업종
  ✓ [48/73] POI054 (혜화역): 3개 업종
  ✓ [49/73] POI055 (홍대입구역(2호선)): 3개 업종
  ✓ [50/73] POI056 (회기역): 2개 업종
  ... 50/73 진행 (49개 성공)
  ✓ [51/73] POI058 (가락시장): 1개 업종
  ✓ [52/73] POI059 (가로수길): 3개 업종
  ✓ [53/73] POI060 (광장(전통)시장): 1개 업종
  ✓ [54/73] POI061 (김포공항): 1개 업종
  ✓ [55/73] POI063 (노량진): 3개 업종
  ✓ [56/73] POI064 (덕수궁길·정동길): 1개 업종
  ✓ [57/73] POI066 (북촌한옥마을): 1개 업종
  ✓ [58/73] POI067 (서촌): 1개 업종
  ✓ [59/73] POI068 (성수카페거리): 2개 업종
  ✓ [60/73] POI070 (쌍문역): 2개 업종
  ... 60/73 진행 (59개 성공)
  ✓ [61/73] POI071 (압구정로데오거리): 1개 업종
  ✓ [62/73] POI072 (여의도): 2개 업종
  ✓ [63/73] POI073 (연남동): 2개 업종
  ✓ [64/73] POI074 (영등포 타임스퀘어): 4개 업종
  ✓ [65/73] POI076 (용리단길): 2개 업종
  ✓ [66/73] POI077 (이태원 앤틱가구거리): 3개 업종
  ✓ [67/73] POI078 (인사동): 1개 업종
  ✓ [68/73] POI079 (창동 신경제 중심지): 4개 업종
  ✓ [69/73] POI080 (청담동 명품거리): 1개 업종
  ✓ [70/73] POI081 (청량리 제기동 일대 전통시장): 1개 업종
  ... 70/73 진행 (69개 성공)
  ✓ [71/73] POI082 (해방촌·경리단길): 2개 업종
  ✓ [72/73] POI083 (DDP(동대문디자인플라자)): 1개 업종
  ✓ [73/73] POI084 (DMC(디지털미디어시티)): 2개 업종

✓ 총 170행 데이터 수집 완료 (72개 지역)

✓ CSV 저장: outputs/api_all_73_hotspots_scores.csv

================================================================================
TOP 20 핫스팟 순위표
================================================================================

순위   핫스팟명                      종합       활성도      특화       등급                  
--------------------------------------------------------------------------------
1    홍대 관광특구                    76.50  100.00   51.66  활성화 (Active Zone)   
2    강남역                        63.13   70.95   45.28  활성화 (Active Zone)   
3    용리단길                       60.25   19.67  100.00  활성화 (Active Zone)   
4    회기역                        57.72   14.62  100.00  보통 (Normal Zone)    
5    보신각                        56.83   11.29  100.00  보통 (Normal Zone)    
6    구로역                        56.66   12.66  100.00  보통 (Normal Zone)    
7    강남 MICE 관광특구               56.11    9.35  100.00  보통 (Normal Zone)    
8    광화문·덕수궁                    56.00    8.74  100.00  보통 (Normal Zone)    
9    충정로역                       55.97    8.67  100.00  보통 (Normal Zone)    
10   청량리 제기동 일대 전통시장            55.90    9.45  100.00  보통 (Normal Zone)    
11   잠실 관광특구                    55.73   47.67   53.03  보통 (Normal Zone)    
12   장한평역                       55.69   10.03  100.00  보통 (Normal Zone)    
13   압구정로데오거리                   55.58   11.50  100.00  보통 (Normal Zone)    
14   서울식물원·마곡나루역                55.57    8.82  100.00  보통 (Normal Zone)    
15   청담동 명품거리                   55.54    8.82  100.00  보통 (Normal Zone)    
16   건대입구역                      55.43   50.46   47.69  보통 (Normal Zone)    
17   김포공항                       55.29    9.35  100.00  보통 (Normal Zone)    
18   인사동                        55.06    9.01  100.00  보통 (Normal Zone)    
19   뚝섬역                        54.73   11.35  100.00  보통 (Normal Zone)    
20   합정역                        54.46    9.95  100.00  보통 (Normal Zone)    

✓ 전체 72개 지역 분석 완료!
